----------------------------------------------------------------
Tue Nov 20 10:27:54 ICT 2018:
Booting Derby version The Apache Software Foundation - Apache Derby - 10.14.2.0 - (1828579): instance a816c00e-0167-2f28-fb62-00000970ecf8 
on database directory /Volumes/Data/labs/pms/mydb with class loader sun.misc.Launcher$AppClassLoader@18b4aac2 
Loaded from file:/Users/trankien/.m2/repository/org/apache/derby/derby/10.14.2.0/derby-10.14.2.0.jar
java.vendor=Oracle Corporation
java.runtime.version=1.8.0_191-b12
user.dir=/Volumes/Data/labs/pms
os.name=Mac OS X
os.arch=x86_64
os.version=10.14.1
derby.system.home=null
Database Class Loader started - derby.database.classpath=''
----------------------------------------------------------------
Tue Nov 20 10:31:59 ICT 2018:
Booting Derby version The Apache Software Foundation - Apache Derby - 10.14.2.0 - (1828579): instance 81260031-0167-2f28-fb62-00000970ecf8 
on database directory memory:/Volumes/Data/labs/pms/testdb with class loader sun.misc.Launcher$AppClassLoader@18b4aac2 
Loaded from file:/Users/trankien/.m2/repository/org/apache/derby/derby/10.14.2.0/derby-10.14.2.0.jar
java.vendor=Oracle Corporation
java.runtime.version=1.8.0_191-b12
user.dir=/Volumes/Data/labs/pms
os.name=Mac OS X
os.arch=x86_64
os.version=10.14.1
derby.system.home=null
Database Class Loader started - derby.database.classpath=''
